<?xml version="1.0" encoding="UTF-8"?>
<!-- Generated by org.testng.reporters.JUnitReportReporter -->
<testsuite hostname="LAPTOP-OJ5G75S2" failures="0" tests="2" name="jenkins.MyProject" time="12.362" errors="0" timestamp="2022-02-14T16:33:49 IST" skipped="0">
  <testcase classname="jenkins.MyProject" name="logintest" time="5.250"/>
  <system-out/>
  <testcase classname="jenkins.MyProject" name="logouttest" time="7.112"/>
  <system-out/>
</testsuite> <!-- jenkins.MyProject -->
